# JRE version: Java(TM) SE Runtime Environment (8.0_121-b13) (build 1.8.0_121-b13)
# Java VM: Java HotSpot(TM) 64-Bit Server VM (25.121-b13 mixed mode windows-amd64 compressed oops)
Heap:
 PSYoungGen      total 398848K, used 8497K [0x00000000e0000000, 0x00000000ff300000, 0x0000000100000000)
  eden space 294912K, 0% used [0x00000000e0000000,0x00000000e0000000,0x00000000f2000000)
  from space 103936K, 8% used [0x00000000f8d80000,0x00000000f95cc5c8,0x00000000ff300000)
  to   space 108032K, 0% used [0x00000000f2000000,0x00000000f2000000,0x00000000f8980000)
 ParOldGen       total 539136K, used 449006K [0x00000000a0000000, 0x00000000c0e80000, 0x00000000e0000000)
  object space 539136K, 83% used [0x00000000a0000000,0x00000000bb67bb20,0x00000000c0e80000)
 Metaspace       used 293577K, capacity 337765K, committed 350760K, reserved 1353728K
  class space    used 39530K, capacity 41956K, committed 45864K, reserved 1048576K
GC Heap History (10 events):
Event: 20427.767 GC heap after
Heap after GC invocations=186 (full 54):
 PSYoungGen      total 389120K, used 0K [0x00000000e0000000, 0x00000000ff300000, 0x0000000100000000)
  eden space 267264K, 0% used [0x00000000e0000000,0x00000000e0000000,0x00000000f0500000)
  from space 121856K, 0% used [0x00000000f7c00000,0x00000000f7c00000,0x00000000ff300000)
  to   space 121856K, 0% used [0x00000000f0500000,0x00000000f0500000,0x00000000f7c00000)
 ParOldGen       total 539136K, used 448861K [0x00000000a0000000, 0x00000000c0e80000, 0x00000000e0000000)
  object space 539136K, 83% used [0x00000000a0000000,0x00000000bb6574b0,0x00000000c0e80000)
 Metaspace       used 291387K, capacity 335263K, committed 350760K, reserved 1353728K
  class space    used 39310K, capacity 41722K, committed 45864K, reserved 1048576K
}
Event: 20428.806 GC heap before
{Heap before GC invocations=187 (full 54):
 PSYoungGen      total 389120K, used 267264K [0x00000000e0000000, 0x00000000ff300000, 0x0000000100000000)
  eden space 267264K, 100% used [0x00000000e0000000,0x00000000f0500000,0x00000000f0500000)
  from space 121856K, 0% used [0x00000000f7c00000,0x00000000f7c00000,0x00000000ff300000)
  to   space 121856K, 0% used [0x00000000f0500000,0x00000000f0500000,0x00000000f7c00000)
 ParOldGen       total 539136K, used 448861K [0x00000000a0000000, 0x00000000c0e80000, 0x00000000e0000000)
  object space 539136K, 83% used [0x00000000a0000000,0x00000000bb6574c8,0x00000000c0e80000)
 Metaspace       used 291391K, capacity 335263K, committed 350760K, reserved 1353728K
  class space    used 39310K, capacity 41722K, committed 45864K, reserved 1048576K
Event: 20428.843 GC heap after
Heap after GC invocations=187 (full 54):
 PSYoungGen      total 389120K, used 27912K [0x00000000e0000000, 0x00000000ff300000, 0x0000000100000000)
  eden space 267264K, 0% used [0x00000000e0000000,0x00000000e0000000,0x00000000f0500000)
  from space 121856K, 22% used [0x00000000f0500000,0x00000000f20423a0,0x00000000f7c00000)
  to   space 115200K, 0% used [0x00000000f8280000,0x00000000f8280000,0x00000000ff300000)
 ParOldGen       total 539136K, used 448869K [0x00000000a0000000, 0x00000000c0e80000, 0x00000000e0000000)
  object space 539136K, 83% used [0x00000000a0000000,0x00000000bb6594c8,0x00000000c0e80000)
 Metaspace       used 291391K, capacity 335263K, committed 350760K, reserved 1353728K
  class space    used 39310K, capacity 41722K, committed 45864K, reserved 1048576K
}
Event: 28894.234 GC heap before
{Heap before GC invocations=188 (full 54):
 PSYoungGen      total 389120K, used 295176K [0x00000000e0000000, 0x00000000ff300000, 0x0000000100000000)
  eden space 267264K, 100% used [0x00000000e0000000,0x00000000f0500000,0x00000000f0500000)
  from space 121856K, 22% used [0x00000000f0500000,0x00000000f20423a0,0x00000000f7c00000)
  to   space 115200K, 0% used [0x00000000f8280000,0x00000000f8280000,0x00000000ff300000)
 ParOldGen       total 539136K, used 448870K [0x00000000a0000000, 0x00000000c0e80000, 0x00000000e0000000)
  object space 539136K, 83% used [0x00000000a0000000,0x00000000bb659ab0,0x00000000c0e80000)
 Metaspace       used 291979K, capacity 336155K, committed 350760K, reserved 1353728K
  class space    used 39428K, capacity 41849K, committed 45864K, reserved 1048576K
Event: 28897.176 GC heap after
Heap after GC invocations=188 (full 54):
 PSYoungGen      total 396800K, used 1265K [0x00000000e0000000, 0x00000000ff780000, 0x0000000100000000)
  eden space 281600K, 0% used [0x00000000e0000000,0x00000000e0000000,0x00000000f1300000)
  from space 115200K, 1% used [0x00000000f8280000,0x00000000f83bc5f8,0x00000000ff300000)
  to   space 114176K, 0% used [0x00000000f1300000,0x00000000f1300000,0x00000000f8280000)
 ParOldGen       total 539136K, used 448998K [0x00000000a0000000, 0x00000000c0e80000, 0x00000000e0000000)
  object space 539136K, 83% used [0x00000000a0000000,0x00000000bb679b20,0x00000000c0e80000)
 Metaspace       used 291979K, capacity 336155K, committed 350760K, reserved 1353728K
  class space    used 39428K, capacity 41849K, committed 45864K, reserved 1048576K
}
Event: 43209.082 GC heap before
{Heap before GC invocations=189 (full 54):
 PSYoungGen      total 396800K, used 282865K [0x00000000e0000000, 0x00000000ff780000, 0x0000000100000000)
  eden space 281600K, 100% used [0x00000000e0000000,0x00000000f1300000,0x00000000f1300000)
  from space 115200K, 1% used [0x00000000f8280000,0x00000000f83bc5f8,0x00000000ff300000)
  to   space 114176K, 0% used [0x00000000f1300000,0x00000000f1300000,0x00000000f8280000)
 ParOldGen       total 539136K, used 448998K [0x00000000a0000000, 0x00000000c0e80000, 0x00000000e0000000)
  object space 539136K, 83% used [0x00000000a0000000,0x00000000bb679b20,0x00000000c0e80000)
 Metaspace       used 291979K, capacity 336155K, committed 350760K, reserved 1353728K
  class space    used 39428K, capacity 41849K, committed 45864K, reserved 1048576K
Event: 43209.107 GC heap after
Heap after GC invocations=189 (full 54):
 PSYoungGen      total 395776K, used 576K [0x00000000e0000000, 0x00000000ffb00000, 0x0000000100000000)
  eden space 281600K, 0% used [0x00000000e0000000,0x00000000e0000000,0x00000000f1300000)
  from space 114176K, 0% used [0x00000000f1300000,0x00000000f1390030,0x00000000f8280000)
  to   space 112128K, 0% used [0x00000000f8d80000,0x00000000f8d80000,0x00000000ffb00000)
 ParOldGen       total 539136K, used 448998K [0x00000000a0000000, 0x00000000c0e80000, 0x00000000e0000000)
  object space 539136K, 83% used [0x00000000a0000000,0x00000000bb679b20,0x00000000c0e80000)
 Metaspace       used 291979K, capacity 336155K, committed 350760K, reserved 1353728K
  class space    used 39428K, capacity 41849K, committed 45864K, reserved 1048576K
}
Event: 44599.740 GC heap before
{Heap before GC invocations=190 (full 54):
 PSYoungGen      total 395776K, used 245580K [0x00000000e0000000, 0x00000000ffb00000, 0x0000000100000000)
  eden space 281600K, 87% used [0x00000000e0000000,0x00000000eef43040,0x00000000f1300000)
  from space 114176K, 0% used [0x00000000f1300000,0x00000000f1390030,0x00000000f8280000)
  to   space 112128K, 0% used [0x00000000f8d80000,0x00000000f8d80000,0x00000000ffb00000)
 ParOldGen       total 539136K, used 448998K [0x00000000a0000000, 0x00000000c0e80000, 0x00000000e0000000)
  object space 539136K, 83% used [0x00000000a0000000,0x00000000bb679b20,0x00000000c0e80000)
 Metaspace       used 293577K, capacity 337765K, committed 350760K, reserved 1353728K
  class space    used 39530K, capacity 41956K, committed 45864K, reserved 1048576K
Event: 44599.757 GC heap after
Heap after GC invocations=190 (full 54):
 PSYoungGen      total 398848K, used 8497K [0x00000000e0000000, 0x00000000ff300000, 0x0000000100000000)
  eden space 294912K, 0% used [0x00000000e0000000,0x00000000e0000000,0x00000000f2000000)
  from space 103936K, 8% used [0x00000000f8d80000,0x00000000f95cc5c8,0x00000000ff300000)
  to   space 108032K, 0% used [0x00000000f2000000,0x00000000f2000000,0x00000000f8980000)
 ParOldGen       total 539136K, used 449006K [0x00000000a0000000, 0x00000000c0e80000, 0x00000000e0000000)
  object space 539136K, 83% used [0x00000000a0000000,0x00000000bb67bb20,0x00000000c0e80000)
 Metaspace       used 293577K, capacity 337765K, committed 350760K, reserved 1353728K
  class space    used 39530K, capacity 41956K, committed 45864K, reserved 1048576K
}
Event: 44599.758 GC heap before
{Heap before GC invocations=191 (full 55):
 PSYoungGen      total 398848K, used 8497K [0x00000000e0000000, 0x00000000ff300000, 0x0000000100000000)
  eden space 294912K, 0% used [0x00000000e0000000,0x00000000e0000000,0x00000000f2000000)
  from space 103936K, 8% used [0x00000000f8d80000,0x00000000f95cc5c8,0x00000000ff300000)
  to   space 108032K, 0% used [0x00000000f2000000,0x00000000f2000000,0x00000000f8980000)
 ParOldGen       total 539136K, used 449006K [0x00000000a0000000, 0x00000000c0e80000, 0x00000000e0000000)
  object space 539136K, 83% used [0x00000000a0000000,0x00000000bb67bb20,0x00000000c0e80000)
 Metaspace       used 293577K, capacity 337765K, committed 350760K, reserved 1353728K
  class space    used 39530K, capacity 41956K, committed 45864K, reserved 1048576K

